2026-06-24 09:29:18 - root - INFO - User request received
2026-06-24 09:29:19 - root - INFO - User created successfully
2026-06-24 09:29:19 - root - INFO - User request received
2026-06-24 09:29:20 - root - INFO - User created successfully
2026-06-24 09:29:20 - root - INFO - User request received
2026-06-24 09:29:21 - root - INFO - User created successfully
2026-06-24 09:29:21 - root - INFO - User request received
2026-06-24 09:29:22 - root - INFO - User created successfully
2026-06-24 09:29:22 - root - INFO - User request received
2026-06-24 09:29:23 - root - INFO - User created successfully
2026-06-24 09:29:23 - root - INFO - User request received
2026-06-24 09:29:24 - root - INFO - User created successfully
2026-06-24 09:29:24 - root - INFO - User request received
2026-06-24 09:29:24 - root - INFO - User created successfully
2026-06-24 09:29:24 - root - INFO - User request received
2026-06-24 09:29:24 - root - INFO - User created successfully
2026-06-24 09:29:24 - root - INFO - User request received
2026-06-24 09:29:25 - root - INFO - User created successfully
2026-06-24 09:29:25 - root - INFO - User request received
2026-06-24 09:29:26 - root - INFO - User created successfully
2026-06-24 09:31:10 - root - INFO - User request received
2026-06-24 09:31:11 - root - INFO - User created successfully with user_name: harish_iyer1
2026-06-24 09:31:11 - root - INFO - User request received
2026-06-24 09:31:12 - root - INFO - User created successfully with user_name: sanjay_patel2
2026-06-24 09:31:12 - root - INFO - User request received
2026-06-24 09:31:13 - root - INFO - User created successfully with user_name: meera_bansal3
2026-06-24 09:31:13 - root - INFO - User request received
2026-06-24 09:31:13 - root - INFO - User created successfully with user_name: harish_chopra4
2026-06-24 09:31:13 - root - INFO - User request received
2026-06-24 09:31:14 - root - INFO - User created successfully with user_name: varun_patel5
2026-06-24 09:33:17 - root - INFO - User request received
2026-06-24 09:33:17 - root - INFO - User created successfully with user_name: ritika_pillai1
2026-06-24 09:33:17 - root - INFO - User request received
2026-06-24 09:33:18 - root - INFO - User created successfully with user_name: lavanya_bansal2
2026-06-24 09:33:18 - root - INFO - User request received
2026-06-24 09:33:19 - root - INFO - User created successfully with user_name: karthik_verma3
2026-06-24 09:33:19 - root - INFO - User request received
2026-06-24 09:33:20 - root - INFO - User created successfully with user_name: rahul_kulkarni4
2026-06-24 09:33:20 - root - INFO - User request received
2026-06-24 09:33:20 - root - INFO - User created successfully with user_name: rahul_kapoor5
2026-06-24 09:33:20 - root - INFO - User request received
2026-06-24 09:33:20 - root - INFO - User created successfully with user_name: nisha_yadav6
2026-06-24 09:33:20 - root - INFO - User request received
2026-06-24 09:33:21 - root - INFO - User created successfully with user_name: meera_joshi7
2026-06-24 09:33:21 - root - INFO - User request received
2026-06-24 09:33:21 - root - INFO - User created successfully with user_name: ritika_bansal8
2026-06-24 09:33:21 - root - INFO - User request received
2026-06-24 09:33:21 - root - INFO - User created successfully with user_name: sanjay_sharma9
2026-06-24 09:33:22 - root - INFO - User request received
2026-06-24 09:33:22 - root - INFO - User created successfully with user_name: neha_verma10
2026-06-24 09:33:22 - root - INFO - User request received
2026-06-24 09:33:23 - root - INFO - User created successfully with user_name: ritika_verma11
2026-06-24 09:33:23 - root - INFO - User request received
2026-06-24 09:33:23 - root - INFO - User created successfully with user_name: harish_joshi12
2026-06-24 09:33:23 - root - INFO - User request received
2026-06-24 09:33:23 - root - INFO - User created successfully with user_name: arjun_reddy13
2026-06-24 09:33:23 - root - INFO - User request received
2026-06-24 09:33:24 - root - INFO - User created successfully with user_name: nisha_kapoor14
2026-06-24 09:33:24 - root - INFO - User request received
2026-06-24 09:33:25 - root - INFO - User created successfully with user_name: deepak_yadav15
2026-06-24 09:33:25 - root - INFO - User request received
2026-06-24 09:33:26 - root - INFO - User created successfully with user_name: priya_mishra16
2026-06-24 09:33:26 - root - INFO - User request received
2026-06-24 09:33:27 - root - INFO - User created successfully with user_name: ritika_naidu17
2026-06-24 09:33:27 - root - INFO - User request received
2026-06-24 09:33:28 - root - INFO - User created successfully with user_name: krishna_bansal18
2026-06-24 09:33:28 - root - INFO - User request received
2026-06-24 09:33:29 - root - INFO - User created successfully with user_name: keerthi_chopra19
2026-06-24 09:33:29 - root - INFO - User request received
2026-06-24 09:33:30 - root - INFO - User created successfully with user_name: rohan_gupta20
2026-06-24 09:33:30 - root - INFO - User request received
2026-06-24 09:33:31 - root - INFO - User created successfully with user_name: karthik_kapoor21
2026-06-24 09:33:31 - root - INFO - User request received
2026-06-24 09:33:31 - root - INFO - User created successfully with user_name: rohan_gupta22
2026-06-24 09:33:31 - root - INFO - User request received
2026-06-24 09:33:31 - root - INFO - User created successfully with user_name: sanjay_pillai23
2026-06-24 09:33:31 - root - INFO - User request received
2026-06-24 09:33:32 - root - INFO - User created successfully with user_name: meera_kulkarni24
2026-06-24 09:33:32 - root - INFO - User request received
2026-06-24 09:33:32 - root - INFO - User created successfully with user_name: rahul_kulkarni25
2026-06-24 09:33:32 - root - INFO - User request received
2026-06-24 09:33:33 - root - INFO - User created successfully with user_name: harish_yadav26
2026-06-24 09:33:33 - root - INFO - User request received
2026-06-24 09:33:33 - root - INFO - User created successfully with user_name: deepak_mishra27
2026-06-24 09:33:33 - root - INFO - User request received
2026-06-24 09:33:34 - root - INFO - User created successfully with user_name: kavya_naidu28
2026-06-24 09:33:34 - root - INFO - User request received
2026-06-24 09:33:34 - root - INFO - User created successfully with user_name: arjun_verma29
2026-06-24 09:33:34 - root - INFO - User request received
2026-06-24 09:33:35 - root - INFO - User created successfully with user_name: rohan_bansal30
2026-06-24 09:33:35 - root - INFO - User request received
2026-06-24 09:33:35 - root - INFO - User created successfully with user_name: divya_yadav31
2026-06-24 09:33:35 - root - INFO - User request received
2026-06-24 09:33:36 - root - INFO - User created successfully with user_name: lavanya_iyer32
2026-06-24 09:33:36 - root - INFO - User request received
2026-06-24 09:33:37 - root - INFO - User created successfully with user_name: harish_patel33
2026-06-24 09:33:37 - root - INFO - User request received
2026-06-24 09:33:37 - root - INFO - User created successfully with user_name: keerthi_gupta34
2026-06-24 09:33:37 - root - INFO - User request received
2026-06-24 09:33:38 - root - INFO - User created successfully with user_name: manoj_iyer35
2026-06-24 09:33:38 - root - INFO - User request received
2026-06-24 09:33:39 - root - INFO - User created successfully with user_name: pooja_iyer36
2026-06-24 09:33:39 - root - INFO - User request received
2026-06-24 09:33:40 - root - INFO - User created successfully with user_name: keerthi_saxena37
2026-06-24 09:33:40 - root - INFO - User request received
2026-06-24 09:33:40 - root - INFO - User created successfully with user_name: deepak_bansal38
2026-06-24 09:33:40 - root - INFO - User request received
2026-06-24 09:33:41 - root - INFO - User created successfully with user_name: keerthi_yadav39
2026-06-24 09:33:41 - root - INFO - User request received
2026-06-24 09:33:41 - root - INFO - User created successfully with user_name: swathi_rao40
2026-06-24 09:33:41 - root - INFO - User request received
2026-06-24 09:33:41 - root - INFO - User created successfully with user_name: ritika_kapoor41
2026-06-24 09:33:41 - root - INFO - User request received
2026-06-24 09:33:42 - root - INFO - User created successfully with user_name: sanjay_agarwal42
2026-06-24 09:33:42 - root - INFO - User request received
2026-06-24 09:33:42 - root - INFO - User created successfully with user_name: ananya_bansal43
2026-06-24 09:33:42 - root - INFO - User request received
2026-06-24 09:33:42 - root - INFO - User created successfully with user_name: aarav_patel44
2026-06-24 09:33:42 - root - INFO - User request received
2026-06-24 09:33:42 - root - INFO - User created successfully with user_name: sanjay_nair45
2026-06-24 09:33:42 - root - INFO - User request received
2026-06-24 09:33:42 - root - INFO - User created successfully with user_name: aditya_verma46
2026-06-24 09:33:42 - root - INFO - User request received
2026-06-24 09:33:43 - root - INFO - User created successfully with user_name: rahul_chopra47
2026-06-24 09:33:43 - root - INFO - User request received
2026-06-24 09:33:43 - root - INFO - User created successfully with user_name: arjun_patel48
2026-06-24 09:33:43 - root - INFO - User request received
2026-06-24 09:33:43 - root - INFO - User created successfully with user_name: neha_kapoor49
2026-06-24 09:33:43 - root - INFO - User request received
2026-06-24 09:33:43 - root - INFO - User created successfully with user_name: kavya_pillai50
2026-06-24 09:33:43 - root - INFO - User request received
2026-06-24 09:33:43 - root - INFO - User created successfully with user_name: arjun_verma51
2026-06-24 09:33:43 - root - INFO - User request received
2026-06-24 09:33:44 - root - INFO - User created successfully with user_name: siddharth_rao52
2026-06-24 09:33:44 - root - INFO - User request received
2026-06-24 09:33:44 - root - INFO - User created successfully with user_name: karthik_naidu53
2026-06-24 09:33:44 - root - INFO - User request received
2026-06-24 09:33:44 - root - INFO - User created successfully with user_name: nisha_sharma54
2026-06-24 09:33:44 - root - INFO - User request received
2026-06-24 09:33:44 - root - INFO - User created successfully with user_name: meera_bansal55
2026-06-24 09:33:44 - root - INFO - User request received
2026-06-24 09:33:45 - root - INFO - User created successfully with user_name: pooja_kulkarni56
2026-06-24 09:33:45 - root - INFO - User request received
2026-06-24 09:33:45 - root - INFO - User created successfully with user_name: harish_naidu57
2026-06-24 09:33:45 - root - INFO - User request received
2026-06-24 09:33:45 - root - INFO - User created successfully with user_name: keerthi_joshi58
2026-06-24 09:33:45 - root - INFO - User request received
2026-06-24 09:33:45 - root - INFO - User created successfully with user_name: deepak_joshi59
2026-06-24 09:33:45 - root - INFO - User request received
2026-06-24 09:33:45 - root - INFO - User created successfully with user_name: karthik_reddy60
2026-06-24 09:33:45 - root - INFO - User request received
2026-06-24 09:33:46 - root - INFO - User created successfully with user_name: varun_mishra61
2026-06-24 09:33:46 - root - INFO - User request received
2026-06-24 09:33:46 - root - INFO - User created successfully with user_name: vivaan_nair62
2026-06-24 09:33:46 - root - INFO - User request received
2026-06-24 09:33:46 - root - INFO - User created successfully with user_name: aishwarya_patel63
2026-06-24 09:33:46 - root - INFO - User request received
2026-06-24 09:33:46 - root - INFO - User created successfully with user_name: harish_agarwal64
2026-06-24 09:33:46 - root - INFO - User request received
2026-06-24 09:33:46 - root - INFO - User created successfully with user_name: rohan_iyer65
2026-06-24 09:33:46 - root - INFO - User request received
2026-06-24 09:33:47 - root - INFO - User created successfully with user_name: manoj_reddy66
2026-06-24 09:33:47 - root - INFO - User request received
2026-06-24 09:33:47 - root - INFO - User created successfully with user_name: shreya_yadav67
2026-06-24 09:33:47 - root - INFO - User request received
2026-06-24 09:33:47 - root - INFO - User created successfully with user_name: deepak_kulkarni68
2026-06-24 09:33:47 - root - INFO - User request received
2026-06-24 09:33:47 - root - INFO - User created successfully with user_name: meera_bansal69
2026-06-24 09:33:47 - root - INFO - User request received
2026-06-24 09:33:47 - root - INFO - User created successfully with user_name: meera_reddy70
2026-06-24 09:33:47 - root - INFO - User request received
2026-06-24 09:33:48 - root - INFO - User created successfully with user_name: vivaan_patel71
2026-06-24 09:33:48 - root - INFO - User request received
2026-06-24 09:33:48 - root - INFO - User created successfully with user_name: ritika_iyer72
2026-06-24 09:33:48 - root - INFO - User request received
2026-06-24 09:33:48 - root - INFO - User created successfully with user_name: sneha_reddy73
2026-06-24 09:33:48 - root - INFO - User request received
2026-06-24 09:33:48 - root - INFO - User created successfully with user_name: siddharth_verma74
2026-06-24 09:33:48 - root - INFO - User request received
2026-06-24 09:33:48 - root - INFO - User created successfully with user_name: lavanya_pillai75
2026-06-24 09:33:48 - root - INFO - User request received
2026-06-24 09:33:49 - root - INFO - User created successfully with user_name: swathi_rao76
2026-06-24 09:33:49 - root - INFO - User request received
2026-06-24 09:33:49 - root - INFO - User created successfully with user_name: manoj_reddy77
2026-06-24 09:33:49 - root - INFO - User request received
2026-06-24 09:33:49 - root - INFO - User created successfully with user_name: siddharth_pillai78
2026-06-24 09:33:49 - root - INFO - User request received
2026-06-24 09:33:49 - root - INFO - User created successfully with user_name: neha_nair79
2026-06-24 09:33:49 - root - INFO - User request received
2026-06-24 09:33:49 - root - INFO - User created successfully with user_name: varun_bansal80
2026-06-24 09:33:49 - root - INFO - User request received
2026-06-24 09:33:50 - root - INFO - User created successfully with user_name: neha_iyer81
2026-06-24 09:33:50 - root - INFO - User request received
2026-06-24 09:33:50 - root - INFO - User created successfully with user_name: pooja_pillai82
2026-06-24 09:33:50 - root - INFO - User request received
2026-06-24 09:33:50 - root - INFO - User created successfully with user_name: krishna_saxena83
2026-06-24 09:33:50 - root - INFO - User request received
2026-06-24 09:33:50 - root - INFO - User created successfully with user_name: vivaan_gupta84
2026-06-24 09:35:14 - root - INFO - User request received
2026-06-24 09:35:14 - root - ERROR - Error while creating the user - 401: Unauthorized
2026-06-24 20:42:41 - root - INFO - User request received
2026-06-24 20:42:41 - root - INFO - User created successfully with user_name: keerthi_iyer1
2026-06-24 20:42:41 - root - INFO - User request received
2026-06-24 20:42:41 - root - INFO - User created successfully with user_name: neha_chopra2
2026-06-24 20:42:41 - root - INFO - User request received
2026-06-24 20:42:41 - root - INFO - User created successfully with user_name: sanjay_iyer3
2026-06-24 20:42:41 - root - INFO - User request received
2026-06-24 20:42:41 - root - INFO - User created successfully with user_name: deepak_mishra4
2026-06-24 20:42:42 - root - INFO - User request received
2026-06-24 20:42:42 - root - INFO - User created successfully with user_name: vikram_kulkarni5
2026-06-24 20:42:42 - root - INFO - User request received
2026-06-24 20:42:42 - root - INFO - User created successfully with user_name: harish_yadav6
2026-06-24 20:42:42 - root - INFO - User request received
2026-06-24 20:42:42 - root - INFO - User created successfully with user_name: shreya_bansal7
2026-06-24 20:42:42 - root - INFO - User request received
2026-06-24 20:42:42 - root - INFO - User created successfully with user_name: shreya_gupta8
2026-06-24 20:42:42 - root - INFO - User request received
2026-06-24 20:42:42 - root - INFO - User created successfully with user_name: lavanya_joshi9
2026-06-24 20:42:42 - root - INFO - User request received
2026-06-24 20:42:43 - root - INFO - User created successfully with user_name: pooja_joshi10
2026-06-24 20:42:43 - root - INFO - User request received
2026-06-24 20:42:43 - root - INFO - User created successfully with user_name: aditya_yadav11
2026-06-24 20:42:43 - root - INFO - User request received
2026-06-24 20:42:43 - root - INFO - User created successfully with user_name: aishwarya_kapoor12
2026-06-24 20:42:43 - root - INFO - User request received
2026-06-24 20:42:43 - root - INFO - User created successfully with user_name: aditya_patel13
2026-06-24 20:42:43 - root - INFO - User request received
2026-06-24 20:42:43 - root - INFO - User created successfully with user_name: sneha_joshi14
2026-06-24 20:42:44 - root - INFO - User request received
2026-06-24 20:42:44 - root - INFO - User created successfully with user_name: arjun_reddy15
2026-06-24 20:42:44 - root - INFO - User request received
2026-06-24 20:42:44 - root - INFO - User created successfully with user_name: neha_nair16
2026-06-24 20:42:44 - root - INFO - User request received
2026-06-24 20:42:44 - root - INFO - User created successfully with user_name: priya_iyer17
2026-06-24 20:42:44 - root - INFO - User request received
2026-06-24 20:42:44 - root - INFO - User created successfully with user_name: rahul_joshi18
2026-06-24 20:42:44 - root - INFO - User request received
2026-06-24 20:42:45 - root - INFO - User created successfully with user_name: arjun_joshi19
2026-06-24 20:42:45 - root - INFO - User request received
2026-06-24 20:42:45 - root - INFO - User created successfully with user_name: siddharth_yadav20
2026-06-24 20:42:45 - root - INFO - User request received
2026-06-24 20:42:45 - root - INFO - User created successfully with user_name: neha_verma21
2026-06-24 20:42:45 - root - INFO - User request received
2026-06-24 20:42:45 - root - INFO - User created successfully with user_name: rohan_verma22
2026-06-24 20:42:45 - root - INFO - User request received
2026-06-24 20:42:45 - root - INFO - User created successfully with user_name: deepak_kulkarni23
2026-06-24 20:42:45 - root - INFO - User request received
2026-06-24 20:42:46 - root - INFO - User created successfully with user_name: ritika_reddy24
2026-06-24 20:42:46 - root - INFO - User request received
2026-06-24 20:42:46 - root - INFO - User created successfully with user_name: siddharth_nair25
2026-06-24 20:42:46 - root - INFO - User request received
2026-06-24 20:42:46 - root - INFO - User created successfully with user_name: swathi_pillai26
2026-06-24 20:42:46 - root - INFO - User request received
2026-06-24 20:42:46 - root - INFO - User created successfully with user_name: meera_verma27
2026-06-24 20:42:46 - root - INFO - User request received
2026-06-24 20:42:46 - root - INFO - User created successfully with user_name: aishwarya_pillai28
2026-06-24 20:42:46 - root - INFO - User request received
2026-06-24 20:42:47 - root - INFO - User created successfully with user_name: swathi_saxena29
2026-06-24 20:42:47 - root - INFO - User request received
2026-06-24 20:42:47 - root - INFO - User created successfully with user_name: deepak_naidu30
2026-06-24 20:42:47 - root - INFO - User request received
2026-06-24 20:42:47 - root - INFO - User created successfully with user_name: rohan_agarwal31
2026-06-24 20:42:47 - root - INFO - User request received
2026-06-24 20:42:47 - root - INFO - User created successfully with user_name: rohan_naidu32
2026-06-24 20:42:47 - root - INFO - User request received
2026-06-24 20:42:47 - root - INFO - User created successfully with user_name: harish_naidu33
2026-06-24 20:42:47 - root - INFO - User request received
2026-06-24 20:42:48 - root - INFO - User created successfully with user_name: shreya_patel34
2026-06-24 20:42:48 - root - INFO - User request received
2026-06-24 20:42:48 - root - INFO - User created successfully with user_name: manoj_gupta35
2026-06-24 20:42:48 - root - INFO - User request received
2026-06-24 20:42:48 - root - INFO - User created successfully with user_name: manoj_kulkarni36
2026-06-24 20:42:48 - root - INFO - User request received
2026-06-24 20:42:48 - root - INFO - User created successfully with user_name: kavya_rao37
2026-06-24 20:42:48 - root - INFO - User request received
2026-06-24 20:42:48 - root - INFO - User created successfully with user_name: krishna_kapoor38
2026-06-24 20:42:48 - root - INFO - User request received
2026-06-24 20:42:49 - root - INFO - User created successfully with user_name: swathi_reddy39
2026-06-24 20:42:49 - root - INFO - User request received
2026-06-24 20:42:49 - root - INFO - User created successfully with user_name: siddharth_naidu40
2026-06-24 20:42:49 - root - INFO - User request received
2026-06-24 20:42:49 - root - INFO - User created successfully with user_name: varun_pillai41
2026-06-24 20:42:49 - root - INFO - User request received
2026-06-24 20:42:49 - root - INFO - User created successfully with user_name: sneha_pillai42
2026-06-24 20:42:49 - root - INFO - User request received
2026-06-24 20:42:49 - root - INFO - User created successfully with user_name: ritika_nair43
2026-06-24 20:42:49 - root - INFO - User request received
2026-06-24 20:42:50 - root - INFO - User created successfully with user_name: kavya_saxena44
2026-06-24 20:42:50 - root - INFO - User request received
2026-06-24 20:42:50 - root - INFO - User created successfully with user_name: manoj_pillai45
2026-06-24 20:42:50 - root - INFO - User request received
2026-06-24 20:42:50 - root - INFO - User created successfully with user_name: vivaan_agarwal46
2026-06-24 20:42:50 - root - INFO - User request received
2026-06-24 20:42:50 - root - INFO - User created successfully with user_name: meera_iyer47
2026-06-24 20:42:50 - root - INFO - User request received
2026-06-24 20:42:50 - root - INFO - User created successfully with user_name: priya_mishra48
2026-06-24 20:42:50 - root - INFO - User request received
2026-06-24 20:42:51 - root - INFO - User created successfully with user_name: kavya_sharma49
2026-06-24 20:42:51 - root - INFO - User request received
2026-06-24 20:42:51 - root - INFO - User created successfully with user_name: arjun_nair50
2026-06-24 20:42:51 - root - INFO - User request received
2026-06-24 20:42:51 - root - INFO - User created successfully with user_name: vivaan_patel51
2026-06-24 20:42:51 - root - INFO - User request received
2026-06-24 20:42:51 - root - INFO - User created successfully with user_name: siddharth_kapoor52
2026-06-24 20:42:51 - root - INFO - User request received
2026-06-24 20:42:51 - root - INFO - User created successfully with user_name: aditya_verma53
2026-06-24 20:42:51 - root - INFO - User request received
2026-06-24 20:42:52 - root - INFO - User created successfully with user_name: aarav_bansal54
2026-06-24 20:42:52 - root - INFO - User request received
2026-06-24 20:42:52 - root - INFO - User created successfully with user_name: rahul_saxena55
2026-06-24 20:42:52 - root - INFO - User request received
2026-06-24 20:42:52 - root - INFO - User created successfully with user_name: karthik_yadav56
2026-06-24 20:42:52 - root - INFO - User request received
2026-06-24 20:42:52 - root - INFO - User created successfully with user_name: ritika_mehta57
2026-06-24 20:42:52 - root - INFO - User request received
2026-06-24 20:42:52 - root - INFO - User created successfully with user_name: arjun_mishra58
2026-06-24 20:42:52 - root - INFO - User request received
2026-06-24 20:42:53 - root - INFO - User created successfully with user_name: harish_bansal59
2026-06-24 20:42:53 - root - INFO - User request received
2026-06-24 20:42:53 - root - INFO - User created successfully with user_name: kavya_yadav60
2026-06-24 20:42:53 - root - INFO - User request received
2026-06-24 20:42:53 - root - INFO - User created successfully with user_name: aishwarya_patel61
2026-06-24 20:42:53 - root - INFO - User request received
2026-06-24 20:42:53 - root - INFO - User created successfully with user_name: siddharth_naidu62
2026-06-24 20:42:53 - root - INFO - User request received
2026-06-24 20:42:53 - root - INFO - User created successfully with user_name: arjun_saxena63
2026-06-24 20:42:53 - root - INFO - User request received
2026-06-24 20:42:54 - root - INFO - User created successfully with user_name: deepak_sharma64
2026-06-24 20:42:54 - root - INFO - User request received
2026-06-24 20:42:54 - root - INFO - User created successfully with user_name: ritika_saxena65
2026-06-24 20:42:54 - root - INFO - User request received
2026-06-24 20:42:54 - root - INFO - User created successfully with user_name: kavya_reddy66
2026-06-24 20:42:54 - root - INFO - User request received
2026-06-24 20:42:54 - root - INFO - User created successfully with user_name: aarav_bansal67
2026-06-24 20:42:54 - root - INFO - User request received
2026-06-24 20:42:54 - root - INFO - User created successfully with user_name: aditya_agarwal68
2026-06-24 20:42:54 - root - INFO - User request received
2026-06-24 20:42:55 - root - INFO - User created successfully with user_name: deepak_chopra69
2026-06-24 20:42:55 - root - INFO - User request received
2026-06-24 20:42:55 - root - INFO - User created successfully with user_name: aishwarya_kapoor70
2026-06-24 20:42:55 - root - INFO - User request received
2026-06-24 20:42:55 - root - INFO - User created successfully with user_name: ananya_joshi71
2026-06-24 20:42:55 - root - INFO - User request received
2026-06-24 20:42:55 - root - INFO - User created successfully with user_name: arjun_chopra72
2026-06-24 20:42:55 - root - INFO - User request received
2026-06-24 20:42:55 - root - INFO - User created successfully with user_name: kavya_kapoor73
2026-06-24 20:42:55 - root - INFO - User request received
2026-06-24 20:42:56 - root - INFO - User created successfully with user_name: vikram_bansal74
2026-06-24 20:42:56 - root - INFO - User request received
2026-06-24 20:42:56 - root - INFO - User created successfully with user_name: siddharth_mishra75
2026-06-24 20:42:56 - root - INFO - User request received
2026-06-24 20:42:56 - root - INFO - User created successfully with user_name: ritika_sharma76
2026-06-24 20:42:56 - root - INFO - User request received
2026-06-24 20:42:56 - root - INFO - User created successfully with user_name: meera_kapoor77
2026-06-24 20:42:56 - root - INFO - User request received
2026-06-24 20:42:56 - root - INFO - User created successfully with user_name: pooja_gupta78
2026-06-24 20:42:56 - root - INFO - User request received
2026-06-24 20:42:57 - root - INFO - User created successfully with user_name: harish_saxena79
2026-06-24 20:42:57 - root - INFO - User request received
2026-06-24 20:42:57 - root - INFO - User created successfully with user_name: pooja_iyer80
2026-06-24 20:42:57 - root - INFO - User request received
2026-06-24 20:42:57 - root - INFO - User created successfully with user_name: priya_rao81
2026-06-24 20:42:57 - root - INFO - User request received
2026-06-24 20:42:57 - root - INFO - User created successfully with user_name: vivaan_joshi82
2026-06-24 20:42:57 - root - INFO - User request received
2026-06-24 20:42:57 - root - INFO - User created successfully with user_name: rahul_patel83
2026-06-24 20:42:57 - root - INFO - User request received
2026-06-24 20:42:58 - root - INFO - User created successfully with user_name: rahul_yadav84
2026-06-24 20:42:58 - root - INFO - User request received
2026-06-24 20:42:58 - root - INFO - User created successfully with user_name: aishwarya_yadav85
2026-06-24 20:42:58 - root - INFO - User request received
2026-06-24 20:42:58 - root - INFO - User created successfully with user_name: sanjay_yadav86
2026-06-24 20:42:58 - root - INFO - User request received
2026-06-24 20:42:58 - root - INFO - User created successfully with user_name: aditya_naidu87
2026-06-24 20:42:58 - root - INFO - User request received
2026-06-24 20:42:58 - root - INFO - User created successfully with user_name: vikram_joshi88
2026-06-24 20:42:58 - root - INFO - User request received
2026-06-24 20:42:58 - root - INFO - User created successfully with user_name: neha_reddy89
2026-06-24 20:42:58 - root - INFO - User request received
2026-06-24 20:42:59 - root - INFO - User created successfully with user_name: ananya_agarwal90
2026-06-24 20:42:59 - root - INFO - User request received
2026-06-24 20:42:59 - root - INFO - User created successfully with user_name: kavya_naidu91
2026-06-24 20:42:59 - root - INFO - User request received
2026-06-24 20:42:59 - root - INFO - User created successfully with user_name: shreya_iyer92
2026-06-24 20:42:59 - root - INFO - User request received
2026-06-24 20:42:59 - root - INFO - User created successfully with user_name: vikram_gupta93
2026-06-24 20:42:59 - root - INFO - User request received
2026-06-24 20:42:59 - root - INFO - User created successfully with user_name: nisha_saxena94
2026-06-24 20:43:00 - root - INFO - User request received
2026-06-24 20:43:00 - root - INFO - User created successfully with user_name: rahul_verma95
2026-06-24 20:43:00 - root - INFO - User request received
2026-06-24 20:43:00 - root - INFO - User created successfully with user_name: arjun_kulkarni96
2026-06-24 20:43:00 - root - INFO - User request received
2026-06-24 20:43:00 - root - INFO - User created successfully with user_name: meera_agarwal97
2026-06-24 20:43:00 - root - INFO - User request received
2026-06-24 20:43:00 - root - INFO - User created successfully with user_name: divya_mehta98
2026-06-24 20:43:00 - root - INFO - User request received
2026-06-24 20:43:01 - root - INFO - User created successfully with user_name: swathi_kapoor99
2026-06-24 20:43:01 - root - INFO - User request received
2026-06-24 20:43:01 - root - INFO - User created successfully with user_name: meera_chopra100
